<?xml version="1.0" encoding="UTF-8"?>
<testsuite name="com.gagrawal.practice.nonaccessmodifiers.TransientFinalExampleTest" tests="1" skipped="0" failures="0" errors="0" timestamp="2019-10-04T18:34:32" hostname="cb-gaurav.local" time="0.01">
  <properties/>
  <testcase name="assertSerialiseDeserialiseFunctionality()" classname="com.gagrawal.practice.nonaccessmodifiers.TransientFinalExampleTest" time="0.01"/>
  <system-out><![CDATA[Serialization Success, object saved to file
]]></system-out>
  <system-err><![CDATA[]]></system-err>
</testsuite>
